<?xml version="1.0" encoding="UTF-8"?>
<!-- Generated by org.testng.reporters.JUnitReportReporter -->
<testsuite hostname="Lenovo" failures="0" tests="5" name="TestDrive.BottomLinkTest" time="234.991" errors="0" timestamp="2023-04-26T10:57:16 IST" skipped="0">
  <testcase classname="TestDrive.BottomLinkTest" name="Bottomlink1" time="91.125"/>
  <system-out/>
  <testcase classname="TestDrive.BottomLinkTest" name="Bottomlink2" time="34.080"/>
  <system-out/>
  <testcase classname="TestDrive.BottomLinkTest" name="Bottomlink3" time="37.640"/>
  <system-out/>
  <testcase classname="TestDrive.BottomLinkTest" name="Bottomlink4" time="34.150"/>
  <system-out/>
  <testcase classname="TestDrive.BottomLinkTest" name="Bottomlink5" time="37.996"/>
  <system-out/>
</testsuite> <!-- TestDrive.BottomLinkTest -->
